Started GET "/" for 127.0.0.1 at 2018-05-08 11:45:49 +0800
  
PG::ConnectionBad (could not connect to server: No such file or directory
	Is the server running locally and accepting
	connections on Unix domain socket "/var/pgsql_socket/.s.PGSQL.5432"?
):
  
pg (1.0.0) lib/pg.rb:56:in `initialize'
pg (1.0.0) lib/pg.rb:56:in `new'
pg (1.0.0) lib/pg.rb:56:in `connect'
activerecord (5.2.0) lib/active_record/connection_adapters/postgresql_adapter.rb:684:in `connect'
activerecord (5.2.0) lib/active_record/connection_adapters/postgresql_adapter.rb:215:in `initialize'
activerecord (5.2.0) lib/active_record/connection_adapters/postgresql_adapter.rb:40:in `new'
activerecord (5.2.0) lib/active_record/connection_adapters/postgresql_adapter.rb:40:in `postgresql_connection'
activerecord (5.2.0) lib/active_record/connection_adapters/abstract/connection_pool.rb:809:in `new_connection'
activerecord (5.2.0) lib/active_record/connection_adapters/abstract/connection_pool.rb:853:in `checkout_new_connection'
activerecord (5.2.0) lib/active_record/connection_adapters/abstract/connection_pool.rb:832:in `try_to_checkout_new_connection'
activerecord (5.2.0) lib/active_record/connection_adapters/abstract/connection_pool.rb:793:in `acquire_connection'
activerecord (5.2.0) lib/active_record/connection_adapters/abstract/connection_pool.rb:521:in `checkout'
activerecord (5.2.0) lib/active_record/connection_adapters/abstract/connection_pool.rb:380:in `connection'
activerecord (5.2.0) lib/active_record/connection_adapters/abstract/connection_pool.rb:1008:in `retrieve_connection'
activerecord (5.2.0) lib/active_record/connection_handling.rb:118:in `retrieve_connection'
activerecord (5.2.0) lib/active_record/connection_handling.rb:90:in `connection'
activerecord (5.2.0) lib/active_record/migration.rb:554:in `call'
actionpack (5.2.0) lib/action_dispatch/middleware/callbacks.rb:28:in `block in call'
activesupport (5.2.0) lib/active_support/callbacks.rb:98:in `run_callbacks'
actionpack (5.2.0) lib/action_dispatch/middleware/callbacks.rb:26:in `call'
actionpack (5.2.0) lib/action_dispatch/middleware/executor.rb:14:in `call'
actionpack (5.2.0) lib/action_dispatch/middleware/debug_exceptions.rb:61:in `call'
web-console (3.6.2) lib/web_console/middleware.rb:135:in `call_app'
web-console (3.6.2) lib/web_console/middleware.rb:30:in `block in call'
web-console (3.6.2) lib/web_console/middleware.rb:20:in `catch'
web-console (3.6.2) lib/web_console/middleware.rb:20:in `call'
actionpack (5.2.0) lib/action_dispatch/middleware/show_exceptions.rb:33:in `call'
railties (5.2.0) lib/rails/rack/logger.rb:38:in `call_app'
railties (5.2.0) lib/rails/rack/logger.rb:26:in `block in call'
activesupport (5.2.0) lib/active_support/tagged_logging.rb:71:in `block in tagged'
activesupport (5.2.0) lib/active_support/tagged_logging.rb:28:in `tagged'
activesupport (5.2.0) lib/active_support/tagged_logging.rb:71:in `tagged'
railties (5.2.0) lib/rails/rack/logger.rb:26:in `call'
sprockets-rails (3.2.1) lib/sprockets/rails/quiet_assets.rb:13:in `call'
actionpack (5.2.0) lib/action_dispatch/middleware/remote_ip.rb:81:in `call'
actionpack (5.2.0) lib/action_dispatch/middleware/request_id.rb:27:in `call'
rack (2.0.5) lib/rack/method_override.rb:22:in `call'
rack (2.0.5) lib/rack/runtime.rb:22:in `call'
activesupport (5.2.0) lib/active_support/cache/strategy/local_cache_middleware.rb:29:in `call'
actionpack (5.2.0) lib/action_dispatch/middleware/executor.rb:14:in `call'
actionpack (5.2.0) lib/action_dispatch/middleware/static.rb:127:in `call'
rack (2.0.5) lib/rack/sendfile.rb:111:in `call'
railties (5.2.0) lib/rails/engine.rb:524:in `call'
puma (3.11.4) lib/puma/configuration.rb:225:in `call'
puma (3.11.4) lib/puma/server.rb:632:in `handle_request'
puma (3.11.4) lib/puma/server.rb:446:in `process_client'
puma (3.11.4) lib/puma/server.rb:306:in `block in run'
puma (3.11.4) lib/puma/thread_pool.rb:120:in `block in spawn_thread'
Started GET "/" for 127.0.0.1 at 2018-05-08 11:46:24 +0800
  
PG::ConnectionBad (could not connect to server: No such file or directory
	Is the server running locally and accepting
	connections on Unix domain socket "/var/pgsql_socket/.s.PGSQL.5432"?
):
  
pg (1.0.0) lib/pg.rb:56:in `initialize'
pg (1.0.0) lib/pg.rb:56:in `new'
pg (1.0.0) lib/pg.rb:56:in `connect'
activerecord (5.2.0) lib/active_record/connection_adapters/postgresql_adapter.rb:684:in `connect'
activerecord (5.2.0) lib/active_record/connection_adapters/postgresql_adapter.rb:215:in `initialize'
activerecord (5.2.0) lib/active_record/connection_adapters/postgresql_adapter.rb:40:in `new'
activerecord (5.2.0) lib/active_record/connection_adapters/postgresql_adapter.rb:40:in `postgresql_connection'
activerecord (5.2.0) lib/active_record/connection_adapters/abstract/connection_pool.rb:809:in `new_connection'
activerecord (5.2.0) lib/active_record/connection_adapters/abstract/connection_pool.rb:853:in `checkout_new_connection'
activerecord (5.2.0) lib/active_record/connection_adapters/abstract/connection_pool.rb:832:in `try_to_checkout_new_connection'
activerecord (5.2.0) lib/active_record/connection_adapters/abstract/connection_pool.rb:793:in `acquire_connection'
activerecord (5.2.0) lib/active_record/connection_adapters/abstract/connection_pool.rb:521:in `checkout'
activerecord (5.2.0) lib/active_record/connection_adapters/abstract/connection_pool.rb:380:in `connection'
activerecord (5.2.0) lib/active_record/connection_adapters/abstract/connection_pool.rb:1008:in `retrieve_connection'
activerecord (5.2.0) lib/active_record/connection_handling.rb:118:in `retrieve_connection'
activerecord (5.2.0) lib/active_record/connection_handling.rb:90:in `connection'
activerecord (5.2.0) lib/active_record/migration.rb:554:in `call'
actionpack (5.2.0) lib/action_dispatch/middleware/callbacks.rb:28:in `block in call'
activesupport (5.2.0) lib/active_support/callbacks.rb:98:in `run_callbacks'
actionpack (5.2.0) lib/action_dispatch/middleware/callbacks.rb:26:in `call'
actionpack (5.2.0) lib/action_dispatch/middleware/executor.rb:14:in `call'
actionpack (5.2.0) lib/action_dispatch/middleware/debug_exceptions.rb:61:in `call'
web-console (3.6.2) lib/web_console/middleware.rb:135:in `call_app'
web-console (3.6.2) lib/web_console/middleware.rb:30:in `block in call'
web-console (3.6.2) lib/web_console/middleware.rb:20:in `catch'
web-console (3.6.2) lib/web_console/middleware.rb:20:in `call'
actionpack (5.2.0) lib/action_dispatch/middleware/show_exceptions.rb:33:in `call'
railties (5.2.0) lib/rails/rack/logger.rb:38:in `call_app'
railties (5.2.0) lib/rails/rack/logger.rb:26:in `block in call'
activesupport (5.2.0) lib/active_support/tagged_logging.rb:71:in `block in tagged'
activesupport (5.2.0) lib/active_support/tagged_logging.rb:28:in `tagged'
activesupport (5.2.0) lib/active_support/tagged_logging.rb:71:in `tagged'
railties (5.2.0) lib/rails/rack/logger.rb:26:in `call'
sprockets-rails (3.2.1) lib/sprockets/rails/quiet_assets.rb:13:in `call'
actionpack (5.2.0) lib/action_dispatch/middleware/remote_ip.rb:81:in `call'
actionpack (5.2.0) lib/action_dispatch/middleware/request_id.rb:27:in `call'
rack (2.0.5) lib/rack/method_override.rb:22:in `call'
rack (2.0.5) lib/rack/runtime.rb:22:in `call'
activesupport (5.2.0) lib/active_support/cache/strategy/local_cache_middleware.rb:29:in `call'
actionpack (5.2.0) lib/action_dispatch/middleware/executor.rb:14:in `call'
actionpack (5.2.0) lib/action_dispatch/middleware/static.rb:127:in `call'
rack (2.0.5) lib/rack/sendfile.rb:111:in `call'
railties (5.2.0) lib/rails/engine.rb:524:in `call'
puma (3.11.4) lib/puma/configuration.rb:225:in `call'
puma (3.11.4) lib/puma/server.rb:632:in `handle_request'
puma (3.11.4) lib/puma/server.rb:446:in `process_client'
puma (3.11.4) lib/puma/server.rb:306:in `block in run'
puma (3.11.4) lib/puma/thread_pool.rb:120:in `block in spawn_thread'
Started GET "/" for 127.0.0.1 at 2018-05-09 10:24:09 +0800
  
PG::ConnectionBad (could not connect to server: No such file or directory
	Is the server running locally and accepting
	connections on Unix domain socket "/var/pgsql_socket/.s.PGSQL.5432"?
):
  
pg (1.0.0) lib/pg.rb:56:in `initialize'
pg (1.0.0) lib/pg.rb:56:in `new'
pg (1.0.0) lib/pg.rb:56:in `connect'
activerecord (5.2.0) lib/active_record/connection_adapters/postgresql_adapter.rb:684:in `connect'
activerecord (5.2.0) lib/active_record/connection_adapters/postgresql_adapter.rb:215:in `initialize'
activerecord (5.2.0) lib/active_record/connection_adapters/postgresql_adapter.rb:40:in `new'
activerecord (5.2.0) lib/active_record/connection_adapters/postgresql_adapter.rb:40:in `postgresql_connection'
activerecord (5.2.0) lib/active_record/connection_adapters/abstract/connection_pool.rb:809:in `new_connection'
activerecord (5.2.0) lib/active_record/connection_adapters/abstract/connection_pool.rb:853:in `checkout_new_connection'
activerecord (5.2.0) lib/active_record/connection_adapters/abstract/connection_pool.rb:832:in `try_to_checkout_new_connection'
activerecord (5.2.0) lib/active_record/connection_adapters/abstract/connection_pool.rb:793:in `acquire_connection'
activerecord (5.2.0) lib/active_record/connection_adapters/abstract/connection_pool.rb:521:in `checkout'
activerecord (5.2.0) lib/active_record/connection_adapters/abstract/connection_pool.rb:380:in `connection'
activerecord (5.2.0) lib/active_record/connection_adapters/abstract/connection_pool.rb:1008:in `retrieve_connection'
activerecord (5.2.0) lib/active_record/connection_handling.rb:118:in `retrieve_connection'
activerecord (5.2.0) lib/active_record/connection_handling.rb:90:in `connection'
activerecord (5.2.0) lib/active_record/migration.rb:554:in `call'
actionpack (5.2.0) lib/action_dispatch/middleware/callbacks.rb:28:in `block in call'
activesupport (5.2.0) lib/active_support/callbacks.rb:98:in `run_callbacks'
actionpack (5.2.0) lib/action_dispatch/middleware/callbacks.rb:26:in `call'
actionpack (5.2.0) lib/action_dispatch/middleware/executor.rb:14:in `call'
actionpack (5.2.0) lib/action_dispatch/middleware/debug_exceptions.rb:61:in `call'
web-console (3.6.2) lib/web_console/middleware.rb:135:in `call_app'
web-console (3.6.2) lib/web_console/middleware.rb:30:in `block in call'
web-console (3.6.2) lib/web_console/middleware.rb:20:in `catch'
web-console (3.6.2) lib/web_console/middleware.rb:20:in `call'
actionpack (5.2.0) lib/action_dispatch/middleware/show_exceptions.rb:33:in `call'
railties (5.2.0) lib/rails/rack/logger.rb:38:in `call_app'
railties (5.2.0) lib/rails/rack/logger.rb:26:in `block in call'
activesupport (5.2.0) lib/active_support/tagged_logging.rb:71:in `block in tagged'
activesupport (5.2.0) lib/active_support/tagged_logging.rb:28:in `tagged'
activesupport (5.2.0) lib/active_support/tagged_logging.rb:71:in `tagged'
railties (5.2.0) lib/rails/rack/logger.rb:26:in `call'
sprockets-rails (3.2.1) lib/sprockets/rails/quiet_assets.rb:13:in `call'
actionpack (5.2.0) lib/action_dispatch/middleware/remote_ip.rb:81:in `call'
actionpack (5.2.0) lib/action_dispatch/middleware/request_id.rb:27:in `call'
rack (2.0.5) lib/rack/method_override.rb:22:in `call'
rack (2.0.5) lib/rack/runtime.rb:22:in `call'
activesupport (5.2.0) lib/active_support/cache/strategy/local_cache_middleware.rb:29:in `call'
actionpack (5.2.0) lib/action_dispatch/middleware/executor.rb:14:in `call'
actionpack (5.2.0) lib/action_dispatch/middleware/static.rb:127:in `call'
rack (2.0.5) lib/rack/sendfile.rb:111:in `call'
railties (5.2.0) lib/rails/engine.rb:524:in `call'
puma (3.11.4) lib/puma/configuration.rb:225:in `call'
puma (3.11.4) lib/puma/server.rb:632:in `handle_request'
puma (3.11.4) lib/puma/server.rb:446:in `process_client'
puma (3.11.4) lib/puma/server.rb:306:in `block in run'
puma (3.11.4) lib/puma/thread_pool.rb:120:in `block in spawn_thread'
Started GET "/" for 127.0.0.1 at 2018-05-09 11:15:28 +0800
  
ActiveRecord::PendingMigrationError (

Migrations are pending. To resolve this issue, run:

        bin/rails db:migrate RAILS_ENV=development

):
  
activerecord (5.2.0) lib/active_record/migration.rb:579:in `check_pending!'
activerecord (5.2.0) lib/active_record/migration.rb:556:in `call'
actionpack (5.2.0) lib/action_dispatch/middleware/callbacks.rb:28:in `block in call'
activesupport (5.2.0) lib/active_support/callbacks.rb:98:in `run_callbacks'
actionpack (5.2.0) lib/action_dispatch/middleware/callbacks.rb:26:in `call'
actionpack (5.2.0) lib/action_dispatch/middleware/executor.rb:14:in `call'
actionpack (5.2.0) lib/action_dispatch/middleware/debug_exceptions.rb:61:in `call'
web-console (3.6.2) lib/web_console/middleware.rb:135:in `call_app'
web-console (3.6.2) lib/web_console/middleware.rb:30:in `block in call'
web-console (3.6.2) lib/web_console/middleware.rb:20:in `catch'
web-console (3.6.2) lib/web_console/middleware.rb:20:in `call'
actionpack (5.2.0) lib/action_dispatch/middleware/show_exceptions.rb:33:in `call'
railties (5.2.0) lib/rails/rack/logger.rb:38:in `call_app'
railties (5.2.0) lib/rails/rack/logger.rb:26:in `block in call'
activesupport (5.2.0) lib/active_support/tagged_logging.rb:71:in `block in tagged'
activesupport (5.2.0) lib/active_support/tagged_logging.rb:28:in `tagged'
activesupport (5.2.0) lib/active_support/tagged_logging.rb:71:in `tagged'
railties (5.2.0) lib/rails/rack/logger.rb:26:in `call'
sprockets-rails (3.2.1) lib/sprockets/rails/quiet_assets.rb:13:in `call'
actionpack (5.2.0) lib/action_dispatch/middleware/remote_ip.rb:81:in `call'
actionpack (5.2.0) lib/action_dispatch/middleware/request_id.rb:27:in `call'
rack (2.0.5) lib/rack/method_override.rb:22:in `call'
rack (2.0.5) lib/rack/runtime.rb:22:in `call'
activesupport (5.2.0) lib/active_support/cache/strategy/local_cache_middleware.rb:29:in `call'
actionpack (5.2.0) lib/action_dispatch/middleware/executor.rb:14:in `call'
actionpack (5.2.0) lib/action_dispatch/middleware/static.rb:127:in `call'
rack (2.0.5) lib/rack/sendfile.rb:111:in `call'
railties (5.2.0) lib/rails/engine.rb:524:in `call'
puma (3.11.4) lib/puma/configuration.rb:225:in `call'
puma (3.11.4) lib/puma/server.rb:632:in `handle_request'
puma (3.11.4) lib/puma/server.rb:446:in `process_client'
puma (3.11.4) lib/puma/server.rb:306:in `block in run'
puma (3.11.4) lib/puma/thread_pool.rb:120:in `block in spawn_thread'
  [1m[35m (16.1ms)[0m  [1m[35mCREATE TABLE "schema_migrations" ("version" character varying NOT NULL PRIMARY KEY)[0m
  ↳ bin/rake:4
  [1m[35m (26.2ms)[0m  [1m[35mCREATE TABLE "ar_internal_metadata" ("key" character varying NOT NULL PRIMARY KEY, "value" character varying, "created_at" timestamp NOT NULL, "updated_at" timestamp NOT NULL)[0m
  ↳ bin/rake:4
  [1m[35m (11.7ms)[0m  [1m[34mSELECT pg_try_advisory_lock(7271574498118213080)[0m
  ↳ bin/rake:4
  [1m[35m (1.1ms)[0m  [1m[34mSELECT "schema_migrations"."version" FROM "schema_migrations" ORDER BY "schema_migrations"."version" ASC[0m
  ↳ bin/rake:4
Migrating to DeviseCreateAdminUsers (20180508034316)
  [1m[35m (0.2ms)[0m  [1m[35mBEGIN[0m
  ↳ bin/rake:4
  [1m[35m (29.1ms)[0m  [1m[35mCREATE TABLE "admin_users" ("id" bigserial primary key, "email" character varying DEFAULT '' NOT NULL, "encrypted_password" character varying DEFAULT '' NOT NULL, "reset_password_token" character varying, "reset_password_sent_at" timestamp, "remember_created_at" timestamp, "sign_in_count" integer DEFAULT 0 NOT NULL, "current_sign_in_at" timestamp, "last_sign_in_at" timestamp, "current_sign_in_ip" inet, "last_sign_in_ip" inet, "created_at" timestamp NOT NULL, "updated_at" timestamp NOT NULL)[0m
  ↳ db/migrate/20180508034316_devise_create_admin_users.rb:5
  [1m[35m (2.3ms)[0m  [1m[35mCREATE UNIQUE INDEX  "index_admin_users_on_email" ON "admin_users"  ("email")[0m
  ↳ db/migrate/20180508034316_devise_create_admin_users.rb:39
  [1m[35m (1.1ms)[0m  [1m[35mCREATE UNIQUE INDEX  "index_admin_users_on_reset_password_token" ON "admin_users"  ("reset_password_token")[0m
  ↳ db/migrate/20180508034316_devise_create_admin_users.rb:40
  [1m[36mActiveRecord::SchemaMigration Create (1.2ms)[0m  [1m[32mINSERT INTO "schema_migrations" ("version") VALUES ($1) RETURNING "version"[0m  [["version", "20180508034316"]]
  ↳ bin/rake:4
  [1m[35m (0.5ms)[0m  [1m[35mCOMMIT[0m
  ↳ bin/rake:4
Migrating to CreateActiveAdminComments (20180508034318)
  [1m[35m (6.3ms)[0m  [1m[35mBEGIN[0m
  ↳ bin/rake:4
  [1m[35m (21.2ms)[0m  [1m[35mCREATE TABLE "active_admin_comments" ("id" bigserial primary key, "namespace" character varying, "body" text, "resource_type" character varying, "resource_id" bigint, "author_type" character varying, "author_id" bigint, "created_at" timestamp NOT NULL, "updated_at" timestamp NOT NULL)[0m
  ↳ db/migrate/20180508034318_create_active_admin_comments.rb:3
  [1m[35m (1.2ms)[0m  [1m[35mCREATE  INDEX  "index_active_admin_comments_on_resource_type_and_resource_id" ON "active_admin_comments"  ("resource_type", "resource_id")[0m
  ↳ db/migrate/20180508034318_create_active_admin_comments.rb:3
  [1m[35m (1.1ms)[0m  [1m[35mCREATE  INDEX  "index_active_admin_comments_on_author_type_and_author_id" ON "active_admin_comments"  ("author_type", "author_id")[0m
  ↳ db/migrate/20180508034318_create_active_admin_comments.rb:3
  [1m[35m (1.0ms)[0m  [1m[35mCREATE  INDEX  "index_active_admin_comments_on_namespace" ON "active_admin_comments"  ("namespace")[0m
  ↳ db/migrate/20180508034318_create_active_admin_comments.rb:10
  [1m[36mActiveRecord::SchemaMigration Create (0.3ms)[0m  [1m[32mINSERT INTO "schema_migrations" ("version") VALUES ($1) RETURNING "version"[0m  [["version", "20180508034318"]]
  ↳ bin/rake:4
  [1m[35m (0.7ms)[0m  [1m[35mCOMMIT[0m
  ↳ bin/rake:4
  [1m[36mActiveRecord::InternalMetadata Load (0.7ms)[0m  [1m[34mSELECT  "ar_internal_metadata".* FROM "ar_internal_metadata" WHERE "ar_internal_metadata"."key" = $1 LIMIT $2[0m  [["key", "environment"], ["LIMIT", 1]]
  ↳ bin/rake:4
  [1m[35m (0.3ms)[0m  [1m[35mBEGIN[0m
  ↳ bin/rake:4
  [1m[36mActiveRecord::InternalMetadata Create (1.2ms)[0m  [1m[32mINSERT INTO "ar_internal_metadata" ("key", "value", "created_at", "updated_at") VALUES ($1, $2, $3, $4) RETURNING "key"[0m  [["key", "environment"], ["value", "development"], ["created_at", "2018-05-09 03:15:37.380244"], ["updated_at", "2018-05-09 03:15:37.380244"]]
  ↳ bin/rake:4
  [1m[35m (0.4ms)[0m  [1m[35mCOMMIT[0m
  ↳ bin/rake:4
  [1m[35m (0.3ms)[0m  [1m[34mSELECT pg_advisory_unlock(7271574498118213080)[0m
  ↳ bin/rake:4
  [1m[35m (0.5ms)[0m  [1m[34mSELECT "schema_migrations"."version" FROM "schema_migrations" ORDER BY "schema_migrations"."version" ASC[0m
  ↳ bin/rake:4
Started GET "/" for 127.0.0.1 at 2018-05-09 11:15:40 +0800
  [1m[35m (0.6ms)[0m  [1m[34mSELECT "schema_migrations"."version" FROM "schema_migrations" ORDER BY "schema_migrations"."version" ASC[0m
  ↳ /Users/jarvisli/.rvm/gems/ruby-2.4.1/gems/web-console-3.6.2/lib/web_console/middleware.rb:135
Processing by Rails::WelcomeController#index as HTML
  Rendering /Users/jarvisli/.rvm/rubies/ruby-2.4.1/lib/ruby/gems/2.4.0/gems/railties-5.2.0/lib/rails/templates/rails/welcome/index.html.erb
  Rendered /Users/jarvisli/.rvm/rubies/ruby-2.4.1/lib/ruby/gems/2.4.0/gems/railties-5.2.0/lib/rails/templates/rails/welcome/index.html.erb (2.1ms)
Completed 200 OK in 20ms (Views: 6.9ms | ActiveRecord: 0.0ms)


Started GET "/admin" for 127.0.0.1 at 2018-05-09 11:15:44 +0800
Processing by Admin::DashboardController#index as HTML
Completed 401 Unauthorized in 9ms (ActiveRecord: 0.0ms)


Started GET "/admin/login" for 127.0.0.1 at 2018-05-09 11:15:44 +0800
Processing by ActiveAdmin::Devise::SessionsController#new as HTML
  Rendering /Users/jarvisli/.rvm/gems/ruby-2.4.1/gems/activeadmin-1.3.0/app/views/active_admin/devise/sessions/new.html.erb within layouts/active_admin_logged_out
  Rendered /Users/jarvisli/.rvm/gems/ruby-2.4.1/gems/activeadmin-1.3.0/app/views/active_admin/devise/shared/_links.erb (1.2ms)
  Rendered /Users/jarvisli/.rvm/gems/ruby-2.4.1/gems/activeadmin-1.3.0/app/views/active_admin/devise/sessions/new.html.erb within layouts/active_admin_logged_out (55.7ms)
Completed 200 OK in 5178ms (Views: 5153.1ms | ActiveRecord: 5.9ms)


Started POST "/admin/login" for 127.0.0.1 at 2018-05-09 11:16:00 +0800
Processing by ActiveAdmin::Devise::SessionsController#create as HTML
  Parameters: {"utf8"=>"✓", "authenticity_token"=>"Vn8rKin8dYKAAxOmDz/ta/bC/FAprk7/VYDrS2UFEe67rS4t7vHjDNqpQh4zGBNr6NCbbqpNxybnqOlBXPI3Ww==", "admin_user"=>{"email"=>"admin", "password"=>"[FILTERED]", "remember_me"=>"0"}, "commit"=>"Login"}
  [1m[36mAdminUser Load (1.5ms)[0m  [1m[34mSELECT  "admin_users".* FROM "admin_users" WHERE "admin_users"."email" = $1 ORDER BY "admin_users"."id" ASC LIMIT $2[0m  [["email", "admin"], ["LIMIT", 1]]
  ↳ /Users/jarvisli/.rvm/gems/ruby-2.4.1/gems/orm_adapter-0.5.0/lib/orm_adapter/adapters/active_record.rb:22
Completed 401 Unauthorized in 6ms (ActiveRecord: 1.5ms)


Processing by ActiveAdmin::Devise::SessionsController#new as HTML
  Parameters: {"utf8"=>"✓", "authenticity_token"=>"Vn8rKin8dYKAAxOmDz/ta/bC/FAprk7/VYDrS2UFEe67rS4t7vHjDNqpQh4zGBNr6NCbbqpNxybnqOlBXPI3Ww==", "admin_user"=>{"email"=>"admin", "password"=>"[FILTERED]", "remember_me"=>"0"}, "commit"=>"Login"}
  Rendering /Users/jarvisli/.rvm/gems/ruby-2.4.1/gems/activeadmin-1.3.0/app/views/active_admin/devise/sessions/new.html.erb within layouts/active_admin_logged_out
  Rendered /Users/jarvisli/.rvm/gems/ruby-2.4.1/gems/activeadmin-1.3.0/app/views/active_admin/devise/shared/_links.erb (1.0ms)
  Rendered /Users/jarvisli/.rvm/gems/ruby-2.4.1/gems/activeadmin-1.3.0/app/views/active_admin/devise/sessions/new.html.erb within layouts/active_admin_logged_out (38.2ms)
Completed 200 OK in 268ms (Views: 127.5ms | ActiveRecord: 0.0ms)


  [1m[35m (0.4ms)[0m  [1m[35mBEGIN[0m
  [1m[36mAdminUser Exists (1.1ms)[0m  [1m[34mSELECT  1 AS one FROM "admin_users" WHERE "admin_users"."email" = $1 LIMIT $2[0m  [["email", "satzcoal@hotmail.com"], ["LIMIT", 1]]
  [1m[36mAdminUser Create (1.0ms)[0m  [1m[32mINSERT INTO "admin_users" ("email", "encrypted_password", "created_at", "updated_at") VALUES ($1, $2, $3, $4) RETURNING "id"[0m  [["email", "satzcoal@hotmail.com"], ["encrypted_password", "$2a$11$Pf5NFZqHoMdVISV7b6SrrOj8g4RA0qhv2JXyvA2nXibCPkC.zxz/K"], ["created_at", "2018-05-09 03:17:05.097570"], ["updated_at", "2018-05-09 03:17:05.097570"]]
  [1m[35m (1.1ms)[0m  [1m[35mCOMMIT[0m
Started POST "/admin/login" for 127.0.0.1 at 2018-05-09 11:17:15 +0800
Processing by ActiveAdmin::Devise::SessionsController#create as HTML
  Parameters: {"utf8"=>"✓", "authenticity_token"=>"wSYjZTt9ZcyB2gCFYLCU1fA4uYdOqJx/Afwys2JaAeks9CZi/HDzQttwUT1cl2rV7ireuc1LFaaz1DC5W60nXA==", "admin_user"=>{"email"=>"satzcoal@hotmail.com", "password"=>"[FILTERED]", "remember_me"=>"1"}, "commit"=>"Login"}
  [1m[36mAdminUser Load (20.2ms)[0m  [1m[34mSELECT  "admin_users".* FROM "admin_users" WHERE "admin_users"."email" = $1 ORDER BY "admin_users"."id" ASC LIMIT $2[0m  [["email", "satzcoal@hotmail.com"], ["LIMIT", 1]]
  ↳ /Users/jarvisli/.rvm/gems/ruby-2.4.1/gems/orm_adapter-0.5.0/lib/orm_adapter/adapters/active_record.rb:22
  [1m[35m (0.3ms)[0m  [1m[35mBEGIN[0m
  ↳ /Users/jarvisli/.rvm/gems/ruby-2.4.1/gems/devise-4.4.3/lib/devise/models/rememberable.rb:53
  [1m[36mAdminUser Update (7.2ms)[0m  [1m[33mUPDATE "admin_users" SET "remember_created_at" = $1, "updated_at" = $2 WHERE "admin_users"."id" = $3[0m  [["remember_created_at", "2018-05-09 03:17:15.770861"], ["updated_at", "2018-05-09 03:17:15.772194"], ["id", 1]]
  ↳ /Users/jarvisli/.rvm/gems/ruby-2.4.1/gems/devise-4.4.3/lib/devise/models/rememberable.rb:53
  [1m[35m (11.5ms)[0m  [1m[35mCOMMIT[0m
  ↳ /Users/jarvisli/.rvm/gems/ruby-2.4.1/gems/devise-4.4.3/lib/devise/models/rememberable.rb:53
  [1m[35m (0.3ms)[0m  [1m[35mBEGIN[0m
  ↳ /Users/jarvisli/.rvm/gems/ruby-2.4.1/gems/devise-4.4.3/lib/devise/models/trackable.rb:40
  [1m[36mAdminUser Update (18.7ms)[0m  [1m[33mUPDATE "admin_users" SET "sign_in_count" = $1, "current_sign_in_at" = $2, "last_sign_in_at" = $3, "current_sign_in_ip" = $4, "last_sign_in_ip" = $5, "updated_at" = $6 WHERE "admin_users"."id" = $7[0m  [["sign_in_count", 1], ["current_sign_in_at", "2018-05-09 03:17:15.796022"], ["last_sign_in_at", "2018-05-09 03:17:15.796022"], ["current_sign_in_ip", "127.0.0.1/32"], ["last_sign_in_ip", "127.0.0.1/32"], ["updated_at", "2018-05-09 03:17:15.797069"], ["id", 1]]
  ↳ /Users/jarvisli/.rvm/gems/ruby-2.4.1/gems/devise-4.4.3/lib/devise/models/trackable.rb:40
  [1m[35m (3.1ms)[0m  [1m[35mCOMMIT[0m
  ↳ /Users/jarvisli/.rvm/gems/ruby-2.4.1/gems/devise-4.4.3/lib/devise/models/trackable.rb:40
Redirected to http://localhost:3000/admin
Completed 302 Found in 262ms (ActiveRecord: 61.2ms)


Started GET "/admin" for 127.0.0.1 at 2018-05-09 11:17:15 +0800
Processing by Admin::DashboardController#index as HTML
  [1m[36mAdminUser Load (1.0ms)[0m  [1m[34mSELECT  "admin_users".* FROM "admin_users" WHERE "admin_users"."id" = $1 ORDER BY "admin_users"."id" ASC LIMIT $2[0m  [["id", 1], ["LIMIT", 1]]
  ↳ /Users/jarvisli/.rvm/gems/ruby-2.4.1/gems/orm_adapter-0.5.0/lib/orm_adapter/adapters/active_record.rb:17
  Rendering /Users/jarvisli/.rvm/gems/ruby-2.4.1/gems/activeadmin-1.3.0/app/views/active_admin/page/index.html.arb
  Rendered /Users/jarvisli/.rvm/gems/ruby-2.4.1/gems/activeadmin-1.3.0/app/views/active_admin/page/index.html.arb (97.5ms)
Completed 200 OK in 113ms (Views: 106.5ms | ActiveRecord: 1.0ms)


Started GET "/admin/admin_users" for 127.0.0.1 at 2018-05-09 11:17:22 +0800
Processing by Admin::AdminUsersController#index as HTML
  [1m[36mAdminUser Load (0.4ms)[0m  [1m[34mSELECT  "admin_users".* FROM "admin_users" WHERE "admin_users"."id" = $1 ORDER BY "admin_users"."id" ASC LIMIT $2[0m  [["id", 1], ["LIMIT", 1]]
  ↳ /Users/jarvisli/.rvm/gems/ruby-2.4.1/gems/orm_adapter-0.5.0/lib/orm_adapter/adapters/active_record.rb:17
  Rendering /Users/jarvisli/.rvm/gems/ruby-2.4.1/gems/activeadmin-1.3.0/app/views/active_admin/resource/index.html.arb
  [1m[35m (1.6ms)[0m  [1m[34mSELECT COUNT(*) FROM (SELECT  1 AS one FROM "admin_users" LIMIT $1 OFFSET $2) subquery_for_count[0m  [["LIMIT", 30], ["OFFSET", 0]]
  ↳ /Users/jarvisli/.rvm/gems/ruby-2.4.1/gems/activeadmin-1.3.0/lib/active_admin/helpers/collection.rb:11
  [1m[35mCACHE  (0.0ms)[0m  [1m[34mSELECT COUNT(*) FROM (SELECT  1 AS one FROM "admin_users" LIMIT $1 OFFSET $2) subquery_for_count[0m  [["LIMIT", 30], ["OFFSET", 0]]
  ↳ /Users/jarvisli/.rvm/gems/ruby-2.4.1/gems/activeadmin-1.3.0/lib/active_admin/helpers/collection.rb:11
  [1m[35m (0.4ms)[0m  [1m[34mSELECT COUNT(*) FROM "admin_users"[0m
  ↳ /Users/jarvisli/.rvm/gems/ruby-2.4.1/gems/kaminari-activerecord-1.1.1/lib/kaminari/activerecord/active_record_relation_methods.rb:33
  [1m[35mCACHE  (0.0ms)[0m  [1m[34mSELECT COUNT(*) FROM (SELECT  1 AS one FROM "admin_users" LIMIT $1 OFFSET $2) subquery_for_count[0m  [["LIMIT", 30], ["OFFSET", 0]]
  ↳ /Users/jarvisli/.rvm/gems/ruby-2.4.1/gems/activeadmin-1.3.0/lib/active_admin/helpers/collection.rb:11
  [1m[36mAdminUser Load (0.6ms)[0m  [1m[34mSELECT  "admin_users".* FROM "admin_users" ORDER BY "admin_users"."id" desc LIMIT $1 OFFSET $2[0m  [["LIMIT", 30], ["OFFSET", 0]]
  ↳ /Users/jarvisli/.rvm/gems/ruby-2.4.1/gems/activeadmin-1.3.0/lib/active_admin/views/components/table_for.rb:87
  Rendered /Users/jarvisli/.rvm/gems/ruby-2.4.1/gems/activeadmin-1.3.0/app/views/active_admin/resource/index.html.arb (119.2ms)
Completed 200 OK in 141ms (Views: 131.0ms | ActiveRecord: 3.0ms)


Started GET "/admin/admin_users/1/edit" for 127.0.0.1 at 2018-05-09 11:17:26 +0800
Processing by Admin::AdminUsersController#edit as HTML
  Parameters: {"id"=>"1"}
  [1m[36mAdminUser Load (0.5ms)[0m  [1m[34mSELECT  "admin_users".* FROM "admin_users" WHERE "admin_users"."id" = $1 ORDER BY "admin_users"."id" ASC LIMIT $2[0m  [["id", 1], ["LIMIT", 1]]
  ↳ /Users/jarvisli/.rvm/gems/ruby-2.4.1/gems/orm_adapter-0.5.0/lib/orm_adapter/adapters/active_record.rb:17
  [1m[36mAdminUser Load (0.6ms)[0m  [1m[34mSELECT  "admin_users".* FROM "admin_users" WHERE "admin_users"."id" = $1 LIMIT $2[0m  [["id", 1], ["LIMIT", 1]]
  ↳ /Users/jarvisli/.rvm/gems/ruby-2.4.1/gems/activeadmin-1.3.0/lib/active_admin/resource_controller/data_access.rb:103
  Rendering /Users/jarvisli/.rvm/gems/ruby-2.4.1/gems/activeadmin-1.3.0/app/views/active_admin/resource/edit.html.arb
  [1m[36mCACHE AdminUser Load (0.0ms)[0m  [1m[34mSELECT  "admin_users".* FROM "admin_users" WHERE "admin_users"."id" = $1 LIMIT $2[0m  [["id", 1], ["LIMIT", 1]]
  ↳ /Users/jarvisli/.rvm/gems/ruby-2.4.1/gems/activeadmin-1.3.0/lib/active_admin/resource.rb:171
  Rendered /Users/jarvisli/.rvm/gems/ruby-2.4.1/gems/activeadmin-1.3.0/app/views/active_admin/resource/edit.html.arb (110.8ms)
Completed 200 OK in 129ms (Views: 124.5ms | ActiveRecord: 1.3ms)


Started GET "/admin/admin_users" for 127.0.0.1 at 2018-05-09 11:17:28 +0800
Processing by Admin::AdminUsersController#index as HTML
  [1m[36mAdminUser Load (1.0ms)[0m  [1m[34mSELECT  "admin_users".* FROM "admin_users" WHERE "admin_users"."id" = $1 ORDER BY "admin_users"."id" ASC LIMIT $2[0m  [["id", 1], ["LIMIT", 1]]
  ↳ /Users/jarvisli/.rvm/gems/ruby-2.4.1/gems/orm_adapter-0.5.0/lib/orm_adapter/adapters/active_record.rb:17
  Rendering /Users/jarvisli/.rvm/gems/ruby-2.4.1/gems/activeadmin-1.3.0/app/views/active_admin/resource/index.html.arb
  [1m[35m (0.6ms)[0m  [1m[34mSELECT COUNT(*) FROM (SELECT  1 AS one FROM "admin_users" LIMIT $1 OFFSET $2) subquery_for_count[0m  [["LIMIT", 30], ["OFFSET", 0]]
  ↳ /Users/jarvisli/.rvm/gems/ruby-2.4.1/gems/activeadmin-1.3.0/lib/active_admin/helpers/collection.rb:11
  [1m[35mCACHE  (0.0ms)[0m  [1m[34mSELECT COUNT(*) FROM (SELECT  1 AS one FROM "admin_users" LIMIT $1 OFFSET $2) subquery_for_count[0m  [["LIMIT", 30], ["OFFSET", 0]]
  ↳ /Users/jarvisli/.rvm/gems/ruby-2.4.1/gems/activeadmin-1.3.0/lib/active_admin/helpers/collection.rb:11
  [1m[35m (0.5ms)[0m  [1m[34mSELECT COUNT(*) FROM "admin_users"[0m
  ↳ /Users/jarvisli/.rvm/gems/ruby-2.4.1/gems/kaminari-activerecord-1.1.1/lib/kaminari/activerecord/active_record_relation_methods.rb:33
  [1m[35mCACHE  (0.0ms)[0m  [1m[34mSELECT COUNT(*) FROM (SELECT  1 AS one FROM "admin_users" LIMIT $1 OFFSET $2) subquery_for_count[0m  [["LIMIT", 30], ["OFFSET", 0]]
  ↳ /Users/jarvisli/.rvm/gems/ruby-2.4.1/gems/activeadmin-1.3.0/lib/active_admin/helpers/collection.rb:11
  [1m[36mAdminUser Load (0.4ms)[0m  [1m[34mSELECT  "admin_users".* FROM "admin_users" ORDER BY "admin_users"."id" desc LIMIT $1 OFFSET $2[0m  [["LIMIT", 30], ["OFFSET", 0]]
  ↳ /Users/jarvisli/.rvm/gems/ruby-2.4.1/gems/activeadmin-1.3.0/lib/active_admin/views/components/table_for.rb:87
  Rendered /Users/jarvisli/.rvm/gems/ruby-2.4.1/gems/activeadmin-1.3.0/app/views/active_admin/resource/index.html.arb (99.4ms)
Completed 200 OK in 118ms (Views: 112.0ms | ActiveRecord: 2.4ms)


Started GET "/admin/comments" for 127.0.0.1 at 2018-05-09 11:17:35 +0800
Processing by Admin::CommentsController#index as HTML
  [1m[36mAdminUser Load (0.4ms)[0m  [1m[34mSELECT  "admin_users".* FROM "admin_users" WHERE "admin_users"."id" = $1 ORDER BY "admin_users"."id" ASC LIMIT $2[0m  [["id", 1], ["LIMIT", 1]]
  ↳ /Users/jarvisli/.rvm/gems/ruby-2.4.1/gems/orm_adapter-0.5.0/lib/orm_adapter/adapters/active_record.rb:17
  Rendering /Users/jarvisli/.rvm/gems/ruby-2.4.1/gems/activeadmin-1.3.0/app/views/active_admin/resource/index.html.arb
  [1m[35m (2.8ms)[0m  [1m[34mSELECT COUNT(*) FROM "active_admin_comments" WHERE "active_admin_comments"."namespace" = $1[0m  [["namespace", "admin"]]
  ↳ /Users/jarvisli/.rvm/gems/ruby-2.4.1/gems/activeadmin-1.3.0/lib/active_admin/helpers/collection.rb:11
  [1m[35m (0.4ms)[0m  [1m[34mSELECT COUNT(*) FROM (SELECT  1 AS one FROM "active_admin_comments" WHERE "active_admin_comments"."namespace" = $1 LIMIT $2 OFFSET $3) subquery_for_count[0m  [["namespace", "admin"], ["LIMIT", 30], ["OFFSET", 0]]
  ↳ /Users/jarvisli/.rvm/gems/ruby-2.4.1/gems/activeadmin-1.3.0/lib/active_admin/helpers/collection.rb:11
  [1m[35m (0.6ms)[0m  [1m[34mSELECT DISTINCT "active_admin_comments"."resource_type" FROM "active_admin_comments" ORDER BY resource_type asc[0m
  ↳ /Users/jarvisli/.rvm/gems/ruby-2.4.1/gems/activeadmin-1.3.0/lib/active_admin/inputs/filters/select_input.rb:48
  [1m[35m (0.4ms)[0m  [1m[34mSELECT DISTINCT "active_admin_comments"."author_type" FROM "active_admin_comments" ORDER BY author_type asc[0m
  ↳ /Users/jarvisli/.rvm/gems/ruby-2.4.1/gems/activeadmin-1.3.0/lib/active_admin/inputs/filters/select_input.rb:48
  Rendered /Users/jarvisli/.rvm/gems/ruby-2.4.1/gems/activeadmin-1.3.0/app/views/active_admin/resource/index.html.arb (98.8ms)
Completed 200 OK in 124ms (Views: 108.2ms | ActiveRecord: 11.4ms)


Started GET "/admin/admin_users" for 127.0.0.1 at 2018-05-09 11:17:36 +0800
Processing by Admin::AdminUsersController#index as HTML
  [1m[36mAdminUser Load (0.5ms)[0m  [1m[34mSELECT  "admin_users".* FROM "admin_users" WHERE "admin_users"."id" = $1 ORDER BY "admin_users"."id" ASC LIMIT $2[0m  [["id", 1], ["LIMIT", 1]]
  ↳ /Users/jarvisli/.rvm/gems/ruby-2.4.1/gems/orm_adapter-0.5.0/lib/orm_adapter/adapters/active_record.rb:17
  Rendering /Users/jarvisli/.rvm/gems/ruby-2.4.1/gems/activeadmin-1.3.0/app/views/active_admin/resource/index.html.arb
  [1m[35m (0.5ms)[0m  [1m[34mSELECT COUNT(*) FROM (SELECT  1 AS one FROM "admin_users" LIMIT $1 OFFSET $2) subquery_for_count[0m  [["LIMIT", 30], ["OFFSET", 0]]
  ↳ /Users/jarvisli/.rvm/gems/ruby-2.4.1/gems/activeadmin-1.3.0/lib/active_admin/helpers/collection.rb:11
  [1m[35mCACHE  (0.0ms)[0m  [1m[34mSELECT COUNT(*) FROM (SELECT  1 AS one FROM "admin_users" LIMIT $1 OFFSET $2) subquery_for_count[0m  [["LIMIT", 30], ["OFFSET", 0]]
  ↳ /Users/jarvisli/.rvm/gems/ruby-2.4.1/gems/activeadmin-1.3.0/lib/active_admin/helpers/collection.rb:11
  [1m[35m (0.3ms)[0m  [1m[34mSELECT COUNT(*) FROM "admin_users"[0m
  ↳ /Users/jarvisli/.rvm/gems/ruby-2.4.1/gems/kaminari-activerecord-1.1.1/lib/kaminari/activerecord/active_record_relation_methods.rb:33
  [1m[35mCACHE  (0.0ms)[0m  [1m[34mSELECT COUNT(*) FROM (SELECT  1 AS one FROM "admin_users" LIMIT $1 OFFSET $2) subquery_for_count[0m  [["LIMIT", 30], ["OFFSET", 0]]
  ↳ /Users/jarvisli/.rvm/gems/ruby-2.4.1/gems/activeadmin-1.3.0/lib/active_admin/helpers/collection.rb:11
  [1m[36mAdminUser Load (0.5ms)[0m  [1m[34mSELECT  "admin_users".* FROM "admin_users" ORDER BY "admin_users"."id" desc LIMIT $1 OFFSET $2[0m  [["LIMIT", 30], ["OFFSET", 0]]
  ↳ /Users/jarvisli/.rvm/gems/ruby-2.4.1/gems/activeadmin-1.3.0/lib/active_admin/views/components/table_for.rb:87
  Rendered /Users/jarvisli/.rvm/gems/ruby-2.4.1/gems/activeadmin-1.3.0/app/views/active_admin/resource/index.html.arb (95.7ms)
Completed 200 OK in 113ms (Views: 108.6ms | ActiveRecord: 1.8ms)


Started GET "/admin/dashboard" for 127.0.0.1 at 2018-05-09 11:17:36 +0800
Processing by Admin::DashboardController#index as HTML
  [1m[36mAdminUser Load (0.4ms)[0m  [1m[34mSELECT  "admin_users".* FROM "admin_users" WHERE "admin_users"."id" = $1 ORDER BY "admin_users"."id" ASC LIMIT $2[0m  [["id", 1], ["LIMIT", 1]]
  ↳ /Users/jarvisli/.rvm/gems/ruby-2.4.1/gems/orm_adapter-0.5.0/lib/orm_adapter/adapters/active_record.rb:17
  Rendering /Users/jarvisli/.rvm/gems/ruby-2.4.1/gems/activeadmin-1.3.0/app/views/active_admin/page/index.html.arb
  Rendered /Users/jarvisli/.rvm/gems/ruby-2.4.1/gems/activeadmin-1.3.0/app/views/active_admin/page/index.html.arb (72.5ms)
Completed 200 OK in 82ms (Views: 79.4ms | ActiveRecord: 0.4ms)


Started GET "/admin/admin_users" for 127.0.0.1 at 2018-05-09 11:17:37 +0800
Processing by Admin::AdminUsersController#index as HTML
  [1m[36mAdminUser Load (0.5ms)[0m  [1m[34mSELECT  "admin_users".* FROM "admin_users" WHERE "admin_users"."id" = $1 ORDER BY "admin_users"."id" ASC LIMIT $2[0m  [["id", 1], ["LIMIT", 1]]
  ↳ /Users/jarvisli/.rvm/gems/ruby-2.4.1/gems/orm_adapter-0.5.0/lib/orm_adapter/adapters/active_record.rb:17
  Rendering /Users/jarvisli/.rvm/gems/ruby-2.4.1/gems/activeadmin-1.3.0/app/views/active_admin/resource/index.html.arb
  [1m[35m (0.5ms)[0m  [1m[34mSELECT COUNT(*) FROM (SELECT  1 AS one FROM "admin_users" LIMIT $1 OFFSET $2) subquery_for_count[0m  [["LIMIT", 30], ["OFFSET", 0]]
  ↳ /Users/jarvisli/.rvm/gems/ruby-2.4.1/gems/activeadmin-1.3.0/lib/active_admin/helpers/collection.rb:11
  [1m[35mCACHE  (0.0ms)[0m  [1m[34mSELECT COUNT(*) FROM (SELECT  1 AS one FROM "admin_users" LIMIT $1 OFFSET $2) subquery_for_count[0m  [["LIMIT", 30], ["OFFSET", 0]]
  ↳ /Users/jarvisli/.rvm/gems/ruby-2.4.1/gems/activeadmin-1.3.0/lib/active_admin/helpers/collection.rb:11
  [1m[35m (0.4ms)[0m  [1m[34mSELECT COUNT(*) FROM "admin_users"[0m
  ↳ /Users/jarvisli/.rvm/gems/ruby-2.4.1/gems/kaminari-activerecord-1.1.1/lib/kaminari/activerecord/active_record_relation_methods.rb:33
  [1m[35mCACHE  (0.0ms)[0m  [1m[34mSELECT COUNT(*) FROM (SELECT  1 AS one FROM "admin_users" LIMIT $1 OFFSET $2) subquery_for_count[0m  [["LIMIT", 30], ["OFFSET", 0]]
  ↳ /Users/jarvisli/.rvm/gems/ruby-2.4.1/gems/activeadmin-1.3.0/lib/active_admin/helpers/collection.rb:11
  [1m[36mAdminUser Load (0.5ms)[0m  [1m[34mSELECT  "admin_users".* FROM "admin_users" ORDER BY "admin_users"."id" desc LIMIT $1 OFFSET $2[0m  [["LIMIT", 30], ["OFFSET", 0]]
  ↳ /Users/jarvisli/.rvm/gems/ruby-2.4.1/gems/activeadmin-1.3.0/lib/active_admin/views/components/table_for.rb:87
  Rendered /Users/jarvisli/.rvm/gems/ruby-2.4.1/gems/activeadmin-1.3.0/app/views/active_admin/resource/index.html.arb (89.9ms)
Completed 200 OK in 107ms (Views: 102.8ms | ActiveRecord: 1.8ms)


Started GET "/admin/dashboard" for 127.0.0.1 at 2018-05-09 11:17:39 +0800
Processing by Admin::DashboardController#index as HTML
  [1m[36mAdminUser Load (0.4ms)[0m  [1m[34mSELECT  "admin_users".* FROM "admin_users" WHERE "admin_users"."id" = $1 ORDER BY "admin_users"."id" ASC LIMIT $2[0m  [["id", 1], ["LIMIT", 1]]
  ↳ /Users/jarvisli/.rvm/gems/ruby-2.4.1/gems/orm_adapter-0.5.0/lib/orm_adapter/adapters/active_record.rb:17
  Rendering /Users/jarvisli/.rvm/gems/ruby-2.4.1/gems/activeadmin-1.3.0/app/views/active_admin/page/index.html.arb
  Rendered /Users/jarvisli/.rvm/gems/ruby-2.4.1/gems/activeadmin-1.3.0/app/views/active_admin/page/index.html.arb (73.8ms)
Completed 200 OK in 83ms (Views: 80.9ms | ActiveRecord: 0.4ms)


Started GET "/admin/admin_users" for 127.0.0.1 at 2018-05-09 11:17:40 +0800
Processing by Admin::AdminUsersController#index as HTML
  [1m[36mAdminUser Load (0.4ms)[0m  [1m[34mSELECT  "admin_users".* FROM "admin_users" WHERE "admin_users"."id" = $1 ORDER BY "admin_users"."id" ASC LIMIT $2[0m  [["id", 1], ["LIMIT", 1]]
  ↳ /Users/jarvisli/.rvm/gems/ruby-2.4.1/gems/orm_adapter-0.5.0/lib/orm_adapter/adapters/active_record.rb:17
  Rendering /Users/jarvisli/.rvm/gems/ruby-2.4.1/gems/activeadmin-1.3.0/app/views/active_admin/resource/index.html.arb
  [1m[35m (0.5ms)[0m  [1m[34mSELECT COUNT(*) FROM (SELECT  1 AS one FROM "admin_users" LIMIT $1 OFFSET $2) subquery_for_count[0m  [["LIMIT", 30], ["OFFSET", 0]]
  ↳ /Users/jarvisli/.rvm/gems/ruby-2.4.1/gems/activeadmin-1.3.0/lib/active_admin/helpers/collection.rb:11
  [1m[35mCACHE  (0.0ms)[0m  [1m[34mSELECT COUNT(*) FROM (SELECT  1 AS one FROM "admin_users" LIMIT $1 OFFSET $2) subquery_for_count[0m  [["LIMIT", 30], ["OFFSET", 0]]
  ↳ /Users/jarvisli/.rvm/gems/ruby-2.4.1/gems/activeadmin-1.3.0/lib/active_admin/helpers/collection.rb:11
  [1m[35m (0.3ms)[0m  [1m[34mSELECT COUNT(*) FROM "admin_users"[0m
  ↳ /Users/jarvisli/.rvm/gems/ruby-2.4.1/gems/kaminari-activerecord-1.1.1/lib/kaminari/activerecord/active_record_relation_methods.rb:33
  [1m[35mCACHE  (0.0ms)[0m  [1m[34mSELECT COUNT(*) FROM (SELECT  1 AS one FROM "admin_users" LIMIT $1 OFFSET $2) subquery_for_count[0m  [["LIMIT", 30], ["OFFSET", 0]]
  ↳ /Users/jarvisli/.rvm/gems/ruby-2.4.1/gems/activeadmin-1.3.0/lib/active_admin/helpers/collection.rb:11
  [1m[36mAdminUser Load (0.4ms)[0m  [1m[34mSELECT  "admin_users".* FROM "admin_users" ORDER BY "admin_users"."id" desc LIMIT $1 OFFSET $2[0m  [["LIMIT", 30], ["OFFSET", 0]]
  ↳ /Users/jarvisli/.rvm/gems/ruby-2.4.1/gems/activeadmin-1.3.0/lib/active_admin/views/components/table_for.rb:87
  Rendered /Users/jarvisli/.rvm/gems/ruby-2.4.1/gems/activeadmin-1.3.0/app/views/active_admin/resource/index.html.arb (90.3ms)
Completed 200 OK in 107ms (Views: 102.6ms | ActiveRecord: 1.6ms)


Started GET "/admin/comments" for 127.0.0.1 at 2018-05-09 11:17:42 +0800
Processing by Admin::CommentsController#index as HTML
  [1m[36mAdminUser Load (0.6ms)[0m  [1m[34mSELECT  "admin_users".* FROM "admin_users" WHERE "admin_users"."id" = $1 ORDER BY "admin_users"."id" ASC LIMIT $2[0m  [["id", 1], ["LIMIT", 1]]
  ↳ /Users/jarvisli/.rvm/gems/ruby-2.4.1/gems/orm_adapter-0.5.0/lib/orm_adapter/adapters/active_record.rb:17
  Rendering /Users/jarvisli/.rvm/gems/ruby-2.4.1/gems/activeadmin-1.3.0/app/views/active_admin/resource/index.html.arb
  [1m[35m (0.5ms)[0m  [1m[34mSELECT COUNT(*) FROM "active_admin_comments" WHERE "active_admin_comments"."namespace" = $1[0m  [["namespace", "admin"]]
  ↳ /Users/jarvisli/.rvm/gems/ruby-2.4.1/gems/activeadmin-1.3.0/lib/active_admin/helpers/collection.rb:11
  [1m[35m (0.4ms)[0m  [1m[34mSELECT COUNT(*) FROM (SELECT  1 AS one FROM "active_admin_comments" WHERE "active_admin_comments"."namespace" = $1 LIMIT $2 OFFSET $3) subquery_for_count[0m  [["namespace", "admin"], ["LIMIT", 30], ["OFFSET", 0]]
  ↳ /Users/jarvisli/.rvm/gems/ruby-2.4.1/gems/activeadmin-1.3.0/lib/active_admin/helpers/collection.rb:11
  [1m[35m (0.3ms)[0m  [1m[34mSELECT DISTINCT "active_admin_comments"."resource_type" FROM "active_admin_comments" ORDER BY resource_type asc[0m
  ↳ /Users/jarvisli/.rvm/gems/ruby-2.4.1/gems/activeadmin-1.3.0/lib/active_admin/inputs/filters/select_input.rb:48
  [1m[35m (0.3ms)[0m  [1m[34mSELECT DISTINCT "active_admin_comments"."author_type" FROM "active_admin_comments" ORDER BY author_type asc[0m
  ↳ /Users/jarvisli/.rvm/gems/ruby-2.4.1/gems/activeadmin-1.3.0/lib/active_admin/inputs/filters/select_input.rb:48
  Rendered /Users/jarvisli/.rvm/gems/ruby-2.4.1/gems/activeadmin-1.3.0/app/views/active_admin/resource/index.html.arb (147.7ms)
Completed 200 OK in 165ms (Views: 160.3ms | ActiveRecord: 2.0ms)


Started GET "/admin/admin_users" for 127.0.0.1 at 2018-05-09 11:17:43 +0800
Processing by Admin::AdminUsersController#index as HTML
  [1m[36mAdminUser Load (0.5ms)[0m  [1m[34mSELECT  "admin_users".* FROM "admin_users" WHERE "admin_users"."id" = $1 ORDER BY "admin_users"."id" ASC LIMIT $2[0m  [["id", 1], ["LIMIT", 1]]
  ↳ /Users/jarvisli/.rvm/gems/ruby-2.4.1/gems/orm_adapter-0.5.0/lib/orm_adapter/adapters/active_record.rb:17
  Rendering /Users/jarvisli/.rvm/gems/ruby-2.4.1/gems/activeadmin-1.3.0/app/views/active_admin/resource/index.html.arb
  [1m[35m (0.5ms)[0m  [1m[34mSELECT COUNT(*) FROM (SELECT  1 AS one FROM "admin_users" LIMIT $1 OFFSET $2) subquery_for_count[0m  [["LIMIT", 30], ["OFFSET", 0]]
  ↳ /Users/jarvisli/.rvm/gems/ruby-2.4.1/gems/activeadmin-1.3.0/lib/active_admin/helpers/collection.rb:11
  [1m[35mCACHE  (0.0ms)[0m  [1m[34mSELECT COUNT(*) FROM (SELECT  1 AS one FROM "admin_users" LIMIT $1 OFFSET $2) subquery_for_count[0m  [["LIMIT", 30], ["OFFSET", 0]]
  ↳ /Users/jarvisli/.rvm/gems/ruby-2.4.1/gems/activeadmin-1.3.0/lib/active_admin/helpers/collection.rb:11
  [1m[35m (0.3ms)[0m  [1m[34mSELECT COUNT(*) FROM "admin_users"[0m
  ↳ /Users/jarvisli/.rvm/gems/ruby-2.4.1/gems/kaminari-activerecord-1.1.1/lib/kaminari/activerecord/active_record_relation_methods.rb:33
  [1m[35mCACHE  (0.0ms)[0m  [1m[34mSELECT COUNT(*) FROM (SELECT  1 AS one FROM "admin_users" LIMIT $1 OFFSET $2) subquery_for_count[0m  [["LIMIT", 30], ["OFFSET", 0]]
  ↳ /Users/jarvisli/.rvm/gems/ruby-2.4.1/gems/activeadmin-1.3.0/lib/active_admin/helpers/collection.rb:11
  [1m[36mAdminUser Load (0.5ms)[0m  [1m[34mSELECT  "admin_users".* FROM "admin_users" ORDER BY "admin_users"."id" desc LIMIT $1 OFFSET $2[0m  [["LIMIT", 30], ["OFFSET", 0]]
  ↳ /Users/jarvisli/.rvm/gems/ruby-2.4.1/gems/activeadmin-1.3.0/lib/active_admin/views/components/table_for.rb:87
  Rendered /Users/jarvisli/.rvm/gems/ruby-2.4.1/gems/activeadmin-1.3.0/app/views/active_admin/resource/index.html.arb (89.0ms)
Completed 200 OK in 105ms (Views: 100.9ms | ActiveRecord: 1.8ms)


Started GET "/admin/dashboard" for 127.0.0.1 at 2018-05-09 11:17:43 +0800
Processing by Admin::DashboardController#index as HTML
  [1m[36mAdminUser Load (0.4ms)[0m  [1m[34mSELECT  "admin_users".* FROM "admin_users" WHERE "admin_users"."id" = $1 ORDER BY "admin_users"."id" ASC LIMIT $2[0m  [["id", 1], ["LIMIT", 1]]
  ↳ /Users/jarvisli/.rvm/gems/ruby-2.4.1/gems/orm_adapter-0.5.0/lib/orm_adapter/adapters/active_record.rb:17
  Rendering /Users/jarvisli/.rvm/gems/ruby-2.4.1/gems/activeadmin-1.3.0/app/views/active_admin/page/index.html.arb
  Rendered /Users/jarvisli/.rvm/gems/ruby-2.4.1/gems/activeadmin-1.3.0/app/views/active_admin/page/index.html.arb (72.6ms)
Completed 200 OK in 81ms (Views: 78.9ms | ActiveRecord: 0.4ms)


Started GET "/admin/admin_users" for 127.0.0.1 at 2018-05-09 11:17:45 +0800
Processing by Admin::AdminUsersController#index as HTML
  [1m[36mAdminUser Load (0.5ms)[0m  [1m[34mSELECT  "admin_users".* FROM "admin_users" WHERE "admin_users"."id" = $1 ORDER BY "admin_users"."id" ASC LIMIT $2[0m  [["id", 1], ["LIMIT", 1]]
  ↳ /Users/jarvisli/.rvm/gems/ruby-2.4.1/gems/orm_adapter-0.5.0/lib/orm_adapter/adapters/active_record.rb:17
  Rendering /Users/jarvisli/.rvm/gems/ruby-2.4.1/gems/activeadmin-1.3.0/app/views/active_admin/resource/index.html.arb
  [1m[35m (0.5ms)[0m  [1m[34mSELECT COUNT(*) FROM (SELECT  1 AS one FROM "admin_users" LIMIT $1 OFFSET $2) subquery_for_count[0m  [["LIMIT", 30], ["OFFSET", 0]]
  ↳ /Users/jarvisli/.rvm/gems/ruby-2.4.1/gems/activeadmin-1.3.0/lib/active_admin/helpers/collection.rb:11
  [1m[35mCACHE  (0.0ms)[0m  [1m[34mSELECT COUNT(*) FROM (SELECT  1 AS one FROM "admin_users" LIMIT $1 OFFSET $2) subquery_for_count[0m  [["LIMIT", 30], ["OFFSET", 0]]
  ↳ /Users/jarvisli/.rvm/gems/ruby-2.4.1/gems/activeadmin-1.3.0/lib/active_admin/helpers/collection.rb:11
  [1m[35m (0.5ms)[0m  [1m[34mSELECT COUNT(*) FROM "admin_users"[0m
  ↳ /Users/jarvisli/.rvm/gems/ruby-2.4.1/gems/kaminari-activerecord-1.1.1/lib/kaminari/activerecord/active_record_relation_methods.rb:33
  [1m[35mCACHE  (0.0ms)[0m  [1m[34mSELECT COUNT(*) FROM (SELECT  1 AS one FROM "admin_users" LIMIT $1 OFFSET $2) subquery_for_count[0m  [["LIMIT", 30], ["OFFSET", 0]]
  ↳ /Users/jarvisli/.rvm/gems/ruby-2.4.1/gems/activeadmin-1.3.0/lib/active_admin/helpers/collection.rb:11
  [1m[36mAdminUser Load (0.5ms)[0m  [1m[34mSELECT  "admin_users".* FROM "admin_users" ORDER BY "admin_users"."id" desc LIMIT $1 OFFSET $2[0m  [["LIMIT", 30], ["OFFSET", 0]]
  ↳ /Users/jarvisli/.rvm/gems/ruby-2.4.1/gems/activeadmin-1.3.0/lib/active_admin/views/components/table_for.rb:87
  Rendered /Users/jarvisli/.rvm/gems/ruby-2.4.1/gems/activeadmin-1.3.0/app/views/active_admin/resource/index.html.arb (93.8ms)
Completed 200 OK in 110ms (Views: 105.8ms | ActiveRecord: 2.0ms)


Started GET "/admin/comments" for 127.0.0.1 at 2018-05-09 11:17:45 +0800
Processing by Admin::CommentsController#index as HTML
  [1m[36mAdminUser Load (0.4ms)[0m  [1m[34mSELECT  "admin_users".* FROM "admin_users" WHERE "admin_users"."id" = $1 ORDER BY "admin_users"."id" ASC LIMIT $2[0m  [["id", 1], ["LIMIT", 1]]
  ↳ /Users/jarvisli/.rvm/gems/ruby-2.4.1/gems/orm_adapter-0.5.0/lib/orm_adapter/adapters/active_record.rb:17
  Rendering /Users/jarvisli/.rvm/gems/ruby-2.4.1/gems/activeadmin-1.3.0/app/views/active_admin/resource/index.html.arb
  [1m[35m (0.6ms)[0m  [1m[34mSELECT COUNT(*) FROM "active_admin_comments" WHERE "active_admin_comments"."namespace" = $1[0m  [["namespace", "admin"]]
  ↳ /Users/jarvisli/.rvm/gems/ruby-2.4.1/gems/activeadmin-1.3.0/lib/active_admin/helpers/collection.rb:11
  [1m[35m (0.4ms)[0m  [1m[34mSELECT COUNT(*) FROM (SELECT  1 AS one FROM "active_admin_comments" WHERE "active_admin_comments"."namespace" = $1 LIMIT $2 OFFSET $3) subquery_for_count[0m  [["namespace", "admin"], ["LIMIT", 30], ["OFFSET", 0]]
  ↳ /Users/jarvisli/.rvm/gems/ruby-2.4.1/gems/activeadmin-1.3.0/lib/active_admin/helpers/collection.rb:11
  [1m[35m (0.4ms)[0m  [1m[34mSELECT DISTINCT "active_admin_comments"."resource_type" FROM "active_admin_comments" ORDER BY resource_type asc[0m
  ↳ /Users/jarvisli/.rvm/gems/ruby-2.4.1/gems/activeadmin-1.3.0/lib/active_admin/inputs/filters/select_input.rb:48
  [1m[35m (0.3ms)[0m  [1m[34mSELECT DISTINCT "active_admin_comments"."author_type" FROM "active_admin_comments" ORDER BY author_type asc[0m
  ↳ /Users/jarvisli/.rvm/gems/ruby-2.4.1/gems/activeadmin-1.3.0/lib/active_admin/inputs/filters/select_input.rb:48
  Rendered /Users/jarvisli/.rvm/gems/ruby-2.4.1/gems/activeadmin-1.3.0/app/views/active_admin/resource/index.html.arb (86.6ms)
Completed 200 OK in 103ms (Views: 98.6ms | ActiveRecord: 2.0ms)


Started GET "/admin/admin_users" for 127.0.0.1 at 2018-05-09 11:17:47 +0800
Processing by Admin::AdminUsersController#index as HTML
  [1m[36mAdminUser Load (0.4ms)[0m  [1m[34mSELECT  "admin_users".* FROM "admin_users" WHERE "admin_users"."id" = $1 ORDER BY "admin_users"."id" ASC LIMIT $2[0m  [["id", 1], ["LIMIT", 1]]
  ↳ /Users/jarvisli/.rvm/gems/ruby-2.4.1/gems/orm_adapter-0.5.0/lib/orm_adapter/adapters/active_record.rb:17
  Rendering /Users/jarvisli/.rvm/gems/ruby-2.4.1/gems/activeadmin-1.3.0/app/views/active_admin/resource/index.html.arb
  [1m[35m (0.5ms)[0m  [1m[34mSELECT COUNT(*) FROM (SELECT  1 AS one FROM "admin_users" LIMIT $1 OFFSET $2) subquery_for_count[0m  [["LIMIT", 30], ["OFFSET", 0]]
  ↳ /Users/jarvisli/.rvm/gems/ruby-2.4.1/gems/activeadmin-1.3.0/lib/active_admin/helpers/collection.rb:11
  [1m[35mCACHE  (0.0ms)[0m  [1m[34mSELECT COUNT(*) FROM (SELECT  1 AS one FROM "admin_users" LIMIT $1 OFFSET $2) subquery_for_count[0m  [["LIMIT", 30], ["OFFSET", 0]]
  ↳ /Users/jarvisli/.rvm/gems/ruby-2.4.1/gems/activeadmin-1.3.0/lib/active_admin/helpers/collection.rb:11
  [1m[35m (0.3ms)[0m  [1m[34mSELECT COUNT(*) FROM "admin_users"[0m
  ↳ /Users/jarvisli/.rvm/gems/ruby-2.4.1/gems/kaminari-activerecord-1.1.1/lib/kaminari/activerecord/active_record_relation_methods.rb:33
  [1m[35mCACHE  (0.0ms)[0m  [1m[34mSELECT COUNT(*) FROM (SELECT  1 AS one FROM "admin_users" LIMIT $1 OFFSET $2) subquery_for_count[0m  [["LIMIT", 30], ["OFFSET", 0]]
  ↳ /Users/jarvisli/.rvm/gems/ruby-2.4.1/gems/activeadmin-1.3.0/lib/active_admin/helpers/collection.rb:11
  [1m[36mAdminUser Load (0.5ms)[0m  [1m[34mSELECT  "admin_users".* FROM "admin_users" ORDER BY "admin_users"."id" desc LIMIT $1 OFFSET $2[0m  [["LIMIT", 30], ["OFFSET", 0]]
  ↳ /Users/jarvisli/.rvm/gems/ruby-2.4.1/gems/activeadmin-1.3.0/lib/active_admin/views/components/table_for.rb:87
  Rendered /Users/jarvisli/.rvm/gems/ruby-2.4.1/gems/activeadmin-1.3.0/app/views/active_admin/resource/index.html.arb (94.2ms)
Completed 200 OK in 111ms (Views: 106.6ms | ActiveRecord: 1.8ms)


